update-alternatives 2021-07-22 15:35:42: run with --quiet --install /usr/bin/awk awk /usr/bin/mawk 5 --slave /usr/share/man/man1/awk.1.gz awk.1.gz /usr/share/man/man1/mawk.1.gz --slave /usr/bin/nawk nawk /usr/bin/mawk --slave /usr/share/man/man1/nawk.1.gz nawk.1.gz /usr/share/man/man1/mawk.1.gz
update-alternatives 2021-07-22 15:35:42: link group awk updated to point to /usr/bin/mawk
update-alternatives 2021-07-22 15:35:51: run with --quiet --install /usr/bin/awk awk /usr/bin/mawk 5 --slave /usr/share/man/man1/awk.1.gz awk.1.gz /usr/share/man/man1/mawk.1.gz --slave /usr/bin/nawk nawk /usr/bin/mawk --slave /usr/share/man/man1/nawk.1.gz nawk.1.gz /usr/share/man/man1/mawk.1.gz
update-alternatives 2021-07-22 15:35:54: run with --install /usr/sbin/rmt rmt /usr/sbin/rmt-tar 50 --slave /usr/share/man/man8/rmt.8.gz rmt.8.gz /usr/share/man/man8/rmt-tar.8.gz
update-alternatives 2021-07-22 15:35:54: link group rmt updated to point to /usr/sbin/rmt-tar
update-alternatives 2021-07-22 15:35:56: run with --install /usr/share/man/man7/builtins.7.gz builtins.7.gz /usr/share/man/man7/bash-builtins.7.gz 10
update-alternatives 2021-07-22 15:35:56: link group builtins.7.gz updated to point to /usr/share/man/man7/bash-builtins.7.gz
update-alternatives 2021-07-22 15:35:57: run with --install /usr/bin/pager pager /bin/more 50 --slave /usr/share/man/man1/pager.1.gz pager.1.gz /usr/share/man/man1/more.1.gz
update-alternatives 2021-07-22 15:35:57: link group pager updated to point to /bin/more
update-alternatives 2021-07-22 15:35:57: run with --install /usr/bin/pager pager /usr/bin/pg 10 --slave /usr/share/man/man1/pager.1.gz pager.1.gz /usr/share/man/man1/pg.1.gz
update-alternatives 2021-07-22 15:35:57: run with --install /usr/bin/w w /usr/bin/w.procps 50 --slave /usr/share/man/man1/w.1.gz w.1.gz /usr/share/man/man1/w.procps.1.gz
update-alternatives 2021-07-22 15:35:57: link group w updated to point to /usr/bin/w.procps
update-alternatives 2021-07-22 15:36:28: run with --remove builtins.7.gz /usr/share/man/man7/bash-builtins.7.gz
update-alternatives 2021-07-22 15:36:28: link group builtins.7.gz fully removed
update-alternatives 2021-07-22 15:36:28: run with --install /usr/share/man/man7/builtins.7.gz builtins.7.gz /usr/share/man/man7/bash-builtins.7.gz 10
update-alternatives 2021-07-22 15:36:28: link group builtins.7.gz updated to point to /usr/share/man/man7/bash-builtins.7.gz
update-alternatives 2021-07-22 15:36:36: run with --install /usr/bin/pager pager /bin/more 50 --slave /usr/share/man/man1/pager.1.gz pager.1.gz /usr/share/man/man1/more.1.gz
update-alternatives 2021-07-22 15:36:36: run with --install /usr/bin/pager pager /usr/bin/pg 10 --slave /usr/share/man/man1/pager.1.gz pager.1.gz /usr/share/man/man1/pg.1.gz
update-alternatives 2021-07-22 15:36:36: run with --install /usr/sbin/rmt rmt /usr/sbin/rmt-tar 50 --slave /usr/share/man/man8/rmt.8.gz rmt.8.gz /usr/share/man/man8/rmt-tar.8.gz
update-alternatives 2021-07-22 15:36:38: run with --install /usr/bin/w w /usr/bin/w.procps 50 --slave /usr/share/man/man1/w.1.gz w.1.gz /usr/share/man/man1/w.procps.1.gz
update-alternatives 2021-08-29 05:21:12: run with --quiet --install /usr/bin/rsh rsh /usr/bin/ssh 20 --slave /usr/share/man/man1/rsh.1.gz rsh.1.gz /usr/share/man/man1/ssh.1.gz
update-alternatives 2021-08-29 05:21:12: link group rsh updated to point to /usr/bin/ssh
update-alternatives 2021-08-29 05:21:12: run with --quiet --install /usr/bin/rlogin rlogin /usr/bin/slogin 20 --slave /usr/share/man/man1/rlogin.1.gz rlogin.1.gz /usr/share/man/man1/slogin.1.gz
update-alternatives 2021-08-29 05:21:12: link group rlogin updated to point to /usr/bin/slogin
update-alternatives 2021-08-29 05:21:12: run with --quiet --install /usr/bin/rcp rcp /usr/bin/scp 20 --slave /usr/share/man/man1/rcp.1.gz rcp.1.gz /usr/share/man/man1/scp.1.gz
update-alternatives 2021-08-29 05:21:12: link group rcp updated to point to /usr/bin/scp
update-alternatives 2021-08-29 05:21:12: run with --install /usr/bin/telnet telnet /usr/bin/telnet.netkit 100 --slave /usr/share/man/man1/telnet.1.gz telnet.1.gz /usr/share/man/man1/telnet.netkit.1.gz
update-alternatives 2021-08-29 05:21:12: link group telnet updated to point to /usr/bin/telnet.netkit
update-alternatives 2021-08-29 05:21:12: run with --install /usr/lib/libblas.so.3 libblas.so.3 /usr/lib/libblas/libblas.so.3 10
update-alternatives 2021-08-29 05:21:12: link group libblas.so.3 updated to point to /usr/lib/libblas/libblas.so.3
update-alternatives 2021-08-29 05:21:12: run with --install /usr/bin/traceroute traceroute /usr/bin/traceroute.db 100 --slave /usr/sbin/traceroute traceroute.sbin /usr/bin/traceroute.db --slave /usr/share/man/man1/traceroute.1.gz traceroute.1.gz /usr/share/man/man1/traceroute.db.1.gz
update-alternatives 2021-08-29 05:21:12: link group traceroute updated to point to /usr/bin/traceroute.db
update-alternatives 2021-08-29 05:21:12: run with --install /usr/bin/traceroute6 traceroute6 /usr/bin/traceroute6.db 100 --slave /usr/share/man/man1/traceroute6.1.gz traceroute6.1.gz /usr/share/man/man1/traceroute6.db.1.gz
update-alternatives 2021-08-29 05:21:12: link group traceroute6 updated to point to /usr/bin/traceroute6.db
update-alternatives 2021-08-29 05:21:12: run with --install /usr/bin/lft lft /usr/bin/lft.db 100 --slave /usr/share/man/man1/lft.1.gz lft.1.gz /usr/share/man/man1/lft.db.1.gz
update-alternatives 2021-08-29 05:21:12: link group lft updated to point to /usr/bin/lft.db
update-alternatives 2021-08-29 05:21:12: run with --install /usr/bin/traceproto traceproto /usr/bin/traceproto.db 100 --slave /usr/share/man/man1/traceproto.1.gz traceproto.1.gz /usr/share/man/man1/traceproto.db.1.gz
update-alternatives 2021-08-29 05:21:12: link group traceproto updated to point to /usr/bin/traceproto.db
update-alternatives 2021-08-29 05:21:12: run with --install /usr/sbin/tcptraceroute tcptraceroute /usr/sbin/tcptraceroute.db 100 --slave /usr/share/man/man8/tcptraceroute.8.gz tcptraceroute.8.gz /usr/share/man/man8/tcptraceroute.db.8.gz
update-alternatives 2021-08-29 05:21:12: link group tcptraceroute updated to point to /usr/sbin/tcptraceroute.db
update-alternatives 2021-08-29 05:21:13: run with --install /usr/bin/vim vim /usr/bin/vim.basic 30
update-alternatives 2021-08-29 05:21:13: link group vim updated to point to /usr/bin/vim.basic
update-alternatives 2021-08-29 05:21:13: run with --install /usr/bin/vimdiff vimdiff /usr/bin/vim.basic 30
update-alternatives 2021-08-29 05:21:13: link group vimdiff updated to point to /usr/bin/vim.basic
update-alternatives 2021-08-29 05:21:13: run with --install /usr/bin/rvim rvim /usr/bin/vim.basic 30
update-alternatives 2021-08-29 05:21:13: link group rvim updated to point to /usr/bin/vim.basic
update-alternatives 2021-08-29 05:21:13: run with --install /usr/bin/rview rview /usr/bin/vim.basic 30
update-alternatives 2021-08-29 05:21:13: link group rview updated to point to /usr/bin/vim.basic
update-alternatives 2021-08-29 05:21:13: run with --install /usr/bin/vi vi /usr/bin/vim.basic 30 --slave /usr/share/man/fr/man1/vi.1.gz vi.fr.1.gz /usr/share/man/fr/man1/vim.1.gz --slave /usr/share/man/it/man1/vi.1.gz vi.it.1.gz /usr/share/man/it/man1/vim.1.gz --slave /usr/share/man/pl/man1/vi.1.gz vi.pl.1.gz /usr/share/man/pl/man1/vim.1.gz --slave /usr/share/man/ru/man1/vi.1.gz vi.ru.1.gz /usr/share/man/ru/man1/vim.1.gz --slave /usr/share/man/ja/man1/vi.1.gz vi.ja.1.gz /usr/share/man/ja/man1/vim.1.gz --slave /usr/share/man/man1/vi.1.gz vi.1.gz /usr/share/man/man1/vim.1.gz
update-alternatives 2021-08-29 05:21:13: link group vi updated to point to /usr/bin/vim.basic
update-alternatives 2021-08-29 05:21:13: run with --install /usr/bin/view view /usr/bin/vim.basic 30 --slave /usr/share/man/fr/man1/view.1.gz view.fr.1.gz /usr/share/man/fr/man1/vim.1.gz --slave /usr/share/man/it/man1/view.1.gz view.it.1.gz /usr/share/man/it/man1/vim.1.gz --slave /usr/share/man/pl/man1/view.1.gz view.pl.1.gz /usr/share/man/pl/man1/vim.1.gz --slave /usr/share/man/ru/man1/view.1.gz view.ru.1.gz /usr/share/man/ru/man1/vim.1.gz --slave /usr/share/man/ja/man1/view.1.gz view.ja.1.gz /usr/share/man/ja/man1/vim.1.gz --slave /usr/share/man/man1/view.1.gz view.1.gz /usr/share/man/man1/vim.1.gz
update-alternatives 2021-08-29 05:21:13: link group view updated to point to /usr/bin/vim.basic
update-alternatives 2021-08-29 05:21:13: run with --install /usr/bin/ex ex /usr/bin/vim.basic 30 --slave /usr/share/man/fr/man1/ex.1.gz ex.fr.1.gz /usr/share/man/fr/man1/vim.1.gz --slave /usr/share/man/it/man1/ex.1.gz ex.it.1.gz /usr/share/man/it/man1/vim.1.gz --slave /usr/share/man/pl/man1/ex.1.gz ex.pl.1.gz /usr/share/man/pl/man1/vim.1.gz --slave /usr/share/man/ru/man1/ex.1.gz ex.ru.1.gz /usr/share/man/ru/man1/vim.1.gz --slave /usr/share/man/ja/man1/ex.1.gz ex.ja.1.gz /usr/share/man/ja/man1/vim.1.gz --slave /usr/share/man/man1/ex.1.gz ex.1.gz /usr/share/man/man1/vim.1.gz
update-alternatives 2021-08-29 05:21:13: link group ex updated to point to /usr/bin/vim.basic
update-alternatives 2021-08-29 05:21:13: run with --install /usr/bin/editor editor /usr/bin/vim.basic 30 --slave /usr/share/man/fr/man1/editor.1.gz editor.fr.1.gz /usr/share/man/fr/man1/vim.1.gz --slave /usr/share/man/it/man1/editor.1.gz editor.it.1.gz /usr/share/man/it/man1/vim.1.gz --slave /usr/share/man/pl/man1/editor.1.gz editor.pl.1.gz /usr/share/man/pl/man1/vim.1.gz --slave /usr/share/man/ru/man1/editor.1.gz editor.ru.1.gz /usr/share/man/ru/man1/vim.1.gz --slave /usr/share/man/ja/man1/editor.1.gz editor.ja.1.gz /usr/share/man/ja/man1/vim.1.gz --slave /usr/share/man/man1/editor.1.gz editor.1.gz /usr/share/man/man1/vim.1.gz
update-alternatives 2021-08-29 05:21:13: link group editor updated to point to /usr/bin/vim.basic
update-alternatives 2021-10-26 02:57:21: run with --install /usr/bin/editor editor /bin/nano 40 --slave /usr/share/man/man1/editor.1.gz editor.1.gz /usr/share/man/man1/nano.1.gz
update-alternatives 2021-10-26 02:57:21: link group editor updated to point to /bin/nano
update-alternatives 2021-10-26 02:57:21: run with --install /usr/bin/pico pico /bin/nano 10 --slave /usr/share/man/man1/pico.1.gz pico.1.gz /usr/share/man/man1/nano.1.gz
update-alternatives 2021-10-26 02:57:21: link group pico updated to point to /bin/nano
update-alternatives 2021-10-26 02:58:43: run with --install /usr/bin/rename rename /usr/bin/prename 60 --slave /usr/share/man/man1/rename.1.gz rename.1.gz /usr/share/man/man1/prename.1.gz
update-alternatives 2021-10-26 02:58:43: link group rename updated to point to /usr/bin/prename
update-alternatives 2021-10-26 02:58:44: run with --install /usr/bin/rename rename /usr/bin/file-rename 70 --slave /usr/share/man/man1/rename.1.gz rename.1.gz /usr/share/man/man1/file-rename.1p.gz
update-alternatives 2021-10-26 02:58:44: link group rename updated to point to /usr/bin/file-rename
update-alternatives 2021-10-26 02:59:18: run with --install /usr/bin/php php /usr/bin/php7.0 70 --slave /usr/share/man/man1/php.1.gz php.1.gz /usr/share/man/man1/php7.0.1.gz
update-alternatives 2021-10-26 02:59:18: link group php updated to point to /usr/bin/php7.0
update-alternatives 2021-10-26 02:59:18: run with --install /usr/bin/phar phar /usr/bin/phar7.0 70 --slave /usr/share/man/man1/phar.1.gz phar.1.gz /usr/share/man/man1/phar7.0.1.gz
update-alternatives 2021-10-26 02:59:18: link group phar updated to point to /usr/bin/phar7.0
update-alternatives 2021-10-26 02:59:18: run with --install /usr/bin/phar.phar phar.phar /usr/bin/phar.phar7.0 70 --slave /usr/share/man/man1/phar.phar.1.gz phar.phar.1.gz /usr/share/man/man1/phar.phar7.0.1.gz
update-alternatives 2021-10-26 02:59:18: link group phar.phar updated to point to /usr/bin/phar.phar7.0
update-alternatives 2021-10-26 04:04:06: run with --quiet --install /usr/bin/pager pager /bin/less 77 --slave /usr/share/man/man1/pager.1.gz pager.1.gz /usr/share/man/man1/less.1.gz
update-alternatives 2021-10-26 04:04:06: link group pager updated to point to /bin/less
update-alternatives 2021-10-26 04:04:06: run with --quiet --remove pager /usr/bin/less
update-alternatives 2021-10-26 04:04:07: run with --quiet --install /usr/bin/pager pager /bin/less 77 --slave /usr/share/man/man1/pager.1.gz pager.1.gz /usr/share/man/man1/less.1.gz
update-alternatives 2021-10-26 04:04:07: run with --quiet --remove pager /usr/bin/less
